<?xml version="1.0" encoding="UTF-8"?>
<testng-results ignored="0" total="1" passed="1" failed="0" skipped="0">
  <reporter-output>
  </reporter-output>
  <suite started-at="2021-10-04T22:38:40 IST" name="Surefire suite" finished-at="2021-10-04T22:38:41 IST" duration-ms="119">
    <groups>
    </groups>
    <test started-at="2021-10-04T22:38:40 IST" name="Surefire test" finished-at="2021-10-04T22:38:41 IST" duration-ms="119">
      <class name="com.project.com.RunTestJenkins.AppTest">
        <test-method signature="shouldAnswerWithTrue()" started-at="2021-10-04T22:38:41 IST" name="shouldAnswerWithTrue" finished-at="2021-10-04T22:38:41 IST" duration-ms="11" status="PASS">
          <reporter-output>
          </reporter-output>
        </test-method> <!-- shouldAnswerWithTrue -->
      </class> <!-- com.project.com.RunTestJenkins.AppTest -->
    </test> <!-- Surefire test -->
  </suite> <!-- Surefire suite -->
</testng-results>
