<?xml version="1.0" encoding="UTF-8"?>
<testng-results ignored="0" total="1" passed="1" failed="0" skipped="0">
  <reporter-output>
  </reporter-output>
  <suite started-at="2021-10-04T22:37:25 IST" name="Suite" finished-at="2021-10-04T22:37:25 IST" duration-ms="61">
    <groups>
    </groups>
    <test started-at="2021-10-04T22:37:25 IST" name="Test" finished-at="2021-10-04T22:37:25 IST" duration-ms="61">
      <class name="com.base.ClassTestRun">
        <test-method signature="MavenTestRun()[pri:0, instance:com.base.ClassTestRun@50caa560]" started-at="2021-10-04T22:37:25 IST" name="MavenTestRun" finished-at="2021-10-04T22:37:25 IST" duration-ms="14" status="PASS">
          <reporter-output>
          </reporter-output>
        </test-method> <!-- MavenTestRun -->
      </class> <!-- com.base.ClassTestRun -->
    </test> <!-- Test -->
  </suite> <!-- Suite -->
</testng-results>
